12/Mar/2021:16:01:48 109 [Calculator.java] [INFO] calculator.Calculator [INFO]: input for Square Root: 4.0
12/Mar/2021:16:01:48 119 [Calculator.java] [INFO] calculator.Calculator [INFO]: output of Square Root: 2.0
12/Mar/2021:16:01:58 839 [Calculator.java] [INFO] calculator.Calculator [INFO]: input for Square Root: 5.0
12/Mar/2021:16:01:58 840 [Calculator.java] [INFO] calculator.Calculator [INFO]: output of Square Root: 2.23606797749979
12/Mar/2021:16:02:04 841 [Calculator.java] [ERROR] calculator.Calculator [ERROR]: Squareroot is not defined for Negative numbers
12/Mar/2021:16:02:31 704 [Calculator.java] [INFO] calculator.Calculator [INFO]: input for Square Root: 2.3456
12/Mar/2021:16:02:31 705 [Calculator.java] [INFO] calculator.Calculator [INFO]: output of Square Root: 1.5315351775261319
12/Mar/2021:16:02:40 238 [Calculator.java] [INFO] calculator.Calculator [INFO]: Input for Factorial function: 3.0
12/Mar/2021:16:02:40 239 [Calculator.java] [INFO] calculator.Calculator [INFO]: output of Factorial function: 6.0
12/Mar/2021:16:02:46 833 [Calculator.java] [INFO] calculator.Calculator [INFO]: Input for Factorial function: 0.0
12/Mar/2021:16:02:46 833 [Calculator.java] [INFO] calculator.Calculator [INFO]: output of Factorial function: 1.0
12/Mar/2021:16:02:51 861 [Calculator.java] [ERROR] calculator.Calculator [ERROR]: Factorial is not defined for negative numbers
12/Mar/2021:16:03:04 409 [Calculator.java] [ERROR] calculator.Calculator [ERROR]: Value type mismatch. Expected Integer got some other type. 
12/Mar/2021:16:03:56 492 [Calculator.java] [ERROR] calculator.Calculator [ERROR]: Factorial is not defined for negative numbers
12/Mar/2021:16:04:11 842 [Calculator.java] [ERROR] calculator.Calculator [ERROR]: Value type mismatch. Expected Integer got some other type. 
12/Mar/2021:16:04:36 774 [Calculator.java] [INFO] calculator.Calculator [INFO]: input for Natual Logarithm: 1.0
12/Mar/2021:16:04:36 781 [Calculator.java] [INFO] calculator.Calculator [INFO]: output of Natual Logarithm: 0.0
12/Mar/2021:16:04:41 537 [Calculator.java] [INFO] calculator.Calculator [INFO]: input for Natual Logarithm: 2.0
12/Mar/2021:16:04:41 538 [Calculator.java] [INFO] calculator.Calculator [INFO]: output of Natual Logarithm: 0.6931471805599453
12/Mar/2021:16:05:04 735 [Calculator.java] [INFO] calculator.Calculator [INFO]: input for power function: 2.0 , 2.0
12/Mar/2021:16:05:04 735 [Calculator.java] [INFO] calculator.Calculator [INFO]: output of power function: 4.0
12/Mar/2021:16:05:11 531 [Calculator.java] [INFO] calculator.Calculator [INFO]: input for Natual Logarithm: 234.2345
12/Mar/2021:16:05:11 532 [Calculator.java] [INFO] calculator.Calculator [INFO]: output of Natual Logarithm: 5.456322750306026
12/Mar/2021:16:05:16 367 [Calculator.java] [INFO] calculator.Calculator [INFO]: input for power function: 0.0 , 0.0
12/Mar/2021:16:05:16 368 [Calculator.java] [INFO] calculator.Calculator [INFO]: output of power function: NaN
12/Mar/2021:16:05:28 558 [Calculator.java] [INFO] calculator.Calculator [INFO]: input for power function: 234.45 , 2.45
12/Mar/2021:16:05:28 559 [Calculator.java] [INFO] calculator.Calculator [INFO]: output of power function: 640653.3196163281
