12/Mar/2021:16:06:59 248 [Calculator.java] [INFO] calculator.Calculator [INFO]: input for Square Root: 2.0
12/Mar/2021:16:06:59 284 [Calculator.java] [INFO] calculator.Calculator [INFO]: output of Square Root: 1.4142135623730951
12/Mar/2021:16:06:59 287 [Calculator.java] [INFO] calculator.Calculator [INFO]: input for Square Root: 2.1
12/Mar/2021:16:06:59 288 [Calculator.java] [INFO] calculator.Calculator [INFO]: output of Square Root: 1.449137674618944
12/Mar/2021:16:06:59 290 [Calculator.java] [INFO] calculator.Calculator [INFO]: input for Square Root: -5.0
12/Mar/2021:16:06:59 292 [Calculator.java] [INFO] calculator.Calculator [INFO]: output of Square Root: NaN
12/Mar/2021:16:06:59 295 [Calculator.java] [INFO] calculator.Calculator [INFO]: input for Natual Logarithm: 2.0
12/Mar/2021:16:06:59 297 [Calculator.java] [INFO] calculator.Calculator [INFO]: output of Natual Logarithm: 0.6931471805599453
12/Mar/2021:16:06:59 298 [Calculator.java] [INFO] calculator.Calculator [INFO]: input for Natual Logarithm: 2.1
12/Mar/2021:16:06:59 304 [Calculator.java] [INFO] calculator.Calculator [INFO]: output of Natual Logarithm: 0.7419373447293773
12/Mar/2021:16:06:59 305 [Calculator.java] [INFO] calculator.Calculator [INFO]: input for Natual Logarithm: 0.0
12/Mar/2021:16:06:59 307 [Calculator.java] [INFO] calculator.Calculator [INFO]: output of Natual Logarithm: -Infinity
12/Mar/2021:16:06:59 308 [Calculator.java] [INFO] calculator.Calculator [INFO]: input for Natual Logarithm: -5.0
12/Mar/2021:16:06:59 310 [Calculator.java] [INFO] calculator.Calculator [INFO]: output of Natual Logarithm: NaN
12/Mar/2021:16:06:59 313 [Calculator.java] [INFO] calculator.Calculator [INFO]: input for power function: 2.0 , 2.0
12/Mar/2021:16:06:59 315 [Calculator.java] [INFO] calculator.Calculator [INFO]: output of power function: 4.0
12/Mar/2021:16:06:59 320 [Calculator.java] [INFO] calculator.Calculator [INFO]: input for power function: 2.1 , 3.2
12/Mar/2021:16:06:59 321 [Calculator.java] [INFO] calculator.Calculator [INFO]: output of power function: 10.74241047739471
12/Mar/2021:16:06:59 324 [Calculator.java] [INFO] calculator.Calculator [INFO]: input for power function: 0.0 , 0.0
12/Mar/2021:16:06:59 326 [Calculator.java] [INFO] calculator.Calculator [INFO]: output of power function: NaN
12/Mar/2021:16:06:59 332 [Calculator.java] [INFO] calculator.Calculator [INFO]: input for Square Root: 4.0
12/Mar/2021:16:06:59 333 [Calculator.java] [INFO] calculator.Calculator [INFO]: output of Square Root: 2.0
12/Mar/2021:16:06:59 336 [Calculator.java] [INFO] calculator.Calculator [INFO]: input for Square Root: 5.0
12/Mar/2021:16:06:59 337 [Calculator.java] [INFO] calculator.Calculator [INFO]: output of Square Root: 2.23606797749979
12/Mar/2021:16:06:59 339 [Calculator.java] [INFO] calculator.Calculator [INFO]: input for Square Root: 0.0
12/Mar/2021:16:06:59 340 [Calculator.java] [INFO] calculator.Calculator [INFO]: output of Square Root: 0.0
12/Mar/2021:16:06:59 343 [Calculator.java] [INFO] calculator.Calculator [INFO]: input for Square Root: -5.0
12/Mar/2021:16:06:59 353 [Calculator.java] [INFO] calculator.Calculator [INFO]: output of Square Root: NaN
12/Mar/2021:16:06:59 357 [Calculator.java] [INFO] calculator.Calculator [INFO]: input for power function: 2.0 , 2.0
12/Mar/2021:16:06:59 360 [Calculator.java] [INFO] calculator.Calculator [INFO]: output of power function: 4.0
12/Mar/2021:16:06:59 364 [Calculator.java] [INFO] calculator.Calculator [INFO]: input for power function: 2.1 , 3.2
12/Mar/2021:16:06:59 366 [Calculator.java] [INFO] calculator.Calculator [INFO]: output of power function: 10.74241047739471
12/Mar/2021:16:06:59 367 [Calculator.java] [INFO] calculator.Calculator [INFO]: input for power function: 0.0 , 0.0
12/Mar/2021:16:06:59 369 [Calculator.java] [INFO] calculator.Calculator [INFO]: output of power function: NaN
12/Mar/2021:16:06:59 372 [Calculator.java] [INFO] calculator.Calculator [INFO]: input for Natual Logarithm: 10.0
12/Mar/2021:16:06:59 373 [Calculator.java] [INFO] calculator.Calculator [INFO]: output of Natual Logarithm: 2.302585092994046
12/Mar/2021:16:06:59 374 [Calculator.java] [INFO] calculator.Calculator [INFO]: input for Natual Logarithm: 15.0
12/Mar/2021:16:06:59 376 [Calculator.java] [INFO] calculator.Calculator [INFO]: output of Natual Logarithm: 2.70805020110221
12/Mar/2021:16:06:59 380 [Calculator.java] [INFO] calculator.Calculator [INFO]: input for Natual Logarithm: 0.0
12/Mar/2021:16:06:59 381 [Calculator.java] [INFO] calculator.Calculator [INFO]: output of Natual Logarithm: -Infinity
12/Mar/2021:16:06:59 383 [Calculator.java] [INFO] calculator.Calculator [INFO]: input for Natual Logarithm: -5.0
12/Mar/2021:16:06:59 385 [Calculator.java] [INFO] calculator.Calculator [INFO]: output of Natual Logarithm: NaN
12/Mar/2021:16:06:59 387 [Calculator.java] [INFO] calculator.Calculator [INFO]: Input for Factorial function: 2.0
12/Mar/2021:16:06:59 389 [Calculator.java] [INFO] calculator.Calculator [INFO]: output of Factorial function: 2.0
12/Mar/2021:16:06:59 390 [Calculator.java] [INFO] calculator.Calculator [INFO]: Input for Factorial function: 2.1
